<?xml version="1.0" encoding="UTF-8" ?>
<testsuite errors="0" failures="0" hostname="Agustins-MacBook-Pro.local" name="com.flatironschool.javacs.WikiPhilosophyTest" skipped="0" tests="1" time="15.732" timestamp="2016-06-06T03:17:31">
  <properties>
    <property name="java.vendor" value="Oracle Corporation" />
    <property name="env.ASCIIDOCTORJ_HOME" value="/Users/agustinl/.gvm/asciidoctorj/current" />
    <property name="sun.java.launcher" value="SUN_STANDARD" />
    <property name="env.XPC_SERVICE_NAME" value="0" />
    <property name="sun.management.compiler" value="HotSpot 64-Bit Tiered Compilers" />
    <property name="env.SECURITYSESSIONID" value="186a7" />
    <property name="env._system_arch" value="x86_64" />
    <property name="env.GEM_HOME" value="/Users/agustinl/.rvm/gems/ruby-2.3.0" />
    <property name="os.name" value="Mac OS X" />
    <property name="sun.boot.class.path" value="/Library/Java/JavaVirtualMachines/jdk1.8.0_25.jdk/Contents/Home/jre/lib/resources.jar:/Library/Java/JavaVirtualMachines/jdk1.8.0_25.jdk/Contents/Home/jre/lib/rt.jar:/Library/Java/JavaVirtualMachines/jdk1.8.0_25.jdk/Contents/Home/jre/lib/sunrsasign.jar:/Library/Java/JavaVirtualMachines/jdk1.8.0_25.jdk/Contents/Home/jre/lib/jsse.jar:/Library/Java/JavaVirtualMachines/jdk1.8.0_25.jdk/Contents/Home/jre/lib/jce.jar:/Library/Java/JavaVirtualMachines/jdk1.8.0_25.jdk/Contents/Home/jre/lib/charsets.jar:/Library/Java/JavaVirtualMachines/jdk1.8.0_25.jdk/Contents/Home/jre/lib/jfr.jar:/Library/Java/JavaVirtualMachines/jdk1.8.0_25.jdk/Contents/Home/jre/classes" />
    <property name="env.TMPDIR" value="/var/folders/k3/km_n74bn0013f2tqwwhgy8mr0000gn/T/" />
    <property name="env.SPRINGBOOT_HOME" value="/Users/agustinl/.gvm/springboot/current" />
    <property name="env.PWD" value="/Users/agustinl/LearnLabs/cs-wikipedia-philosophy-lab-codeU" />
    <property name="env.LANG" value="en_US.UTF-8" />
    <property name="java.vm.specification.vendor" value="Oracle Corporation" />
    <property name="ant.home" value="/usr/local/Cellar/ant/1.9.6/libexec" />
    <property name="java.runtime.version" value="1.8.0_25-b17" />
    <property name="env.MY_RUBY_HOME" value="/Users/agustinl/.rvm/rubies/ruby-2.3.0" />
    <property name="env.JBOSSFORGE_HOME" value="/Users/agustinl/.gvm/jbossforge/current" />
    <property name="env.Apple_PubSub_Socket_Render" value="/private/tmp/com.apple.launchd.44APMmuFp0/Render" />
    <property name="env.rvm_version" value="1.26.11 (latest)" />
    <property name="env.GVM_SERVICE" value="http://api.gvmtool.net" />
    <property name="user.name" value="agustinl" />
    <property name="env.USER" value="agustinl" />
    <property name="env.SHELL" value="/bin/bash" />
    <property name="env.__CF_USER_TEXT_ENCODING" value="0x1F5:0x0:0x0" />
    <property name="env.GVM_DIR" value="/Users/agustinl/.gvm" />
    <property name="env._system_type" value="Darwin" />
    <property name="env.PATH" value="/Users/agustinl/.rvm/gems/ruby-2.3.0/bin:/Users/agustinl/.rvm/gems/ruby-2.3.0@global/bin:/Users/agustinl/.rvm/rubies/ruby-2.3.0/bin:/Users/agustinl/.gvm/vertx/current/bin:/Users/agustinl/.gvm/springboot/current/bin:/Users/agustinl/.gvm/lazybones/current/bin:/Users/agustinl/.gvm/jbossforge/current/bin:/Users/agustinl/.gvm/jbake/current/bin:/Users/agustinl/.gvm/groovyserv/current/bin:/Users/agustinl/.gvm/groovy/current/bin:/Users/agustinl/.gvm/griffon/current/bin:/Users/agustinl/.gvm/grails/current/bin:/Users/agustinl/.gvm/gradle/current/bin:/Users/agustinl/.gvm/glide/current/bin:/Users/agustinl/.gvm/gaiden/current/bin:/Users/agustinl/.gvm/crash/current/bin:/Users/agustinl/.gvm/asciidoctorj/current/bin:/usr/local/bin:/usr/bin:/bin:/usr/sbin:/sbin:/usr/local/git/bin:/Users/agustinl/.rvm/bin" />
    <property name="user.language" value="en" />
    <property name="env.rvm_prefix" value="/Users/agustinl" />
    <property name="sun.boot.library.path" value="/Library/Java/JavaVirtualMachines/jdk1.8.0_25.jdk/Contents/Home/jre/lib" />
    <property name="ant.project.default-target" value="build" />
    <property name="env.XPC_FLAGS" value="0x0" />
    <property name="ant.project.name" value="JavaCS" />
    <property name="env.rvm_path" value="/Users/agustinl/.rvm" />
    <property name="env.RUBY_VERSION" value="ruby-2.3.0" />
    <property name="java.version" value="1.8.0_25" />
    <property name="env.GVM_BROKER_SERVICE" value="http://release.gvm.io" />
    <property name="user.timezone" value="America/Chicago" />
    <property name="env.CRASH_HOME" value="/Users/agustinl/.gvm/crash/current" />
    <property name="sun.arch.data.model" value="64" />
    <property name="env.JAVA_MAIN_CLASS_25481" value="org.apache.tools.ant.launch.Launcher" />
    <property name="env._system_name" value="OSX" />
    <property name="http.nonProxyHosts" value="local|*.local|169.254/16|*.169.254/16" />
    <property name="java.endorsed.dirs" value="/Library/Java/JavaVirtualMachines/jdk1.8.0_25.jdk/Contents/Home/jre/lib/endorsed" />
    <property name="sun.cpu.isalist" value="" />
    <property name="sun.jnu.encoding" value="UTF-8" />
    <property name="env.rvm_bin_path" value="/Users/agustinl/.rvm/bin" />
    <property name="file.encoding.pkg" value="sun.io" />
    <property name="env.SHLVL" value="3" />
    <property name="file.separator" value="/" />
    <property name="env._system_version" value="10.11" />
    <property name="java.specification.name" value="Java Platform API Specification" />
    <property name="env.GROOVY_HOME" value="/Users/agustinl/.gvm/groovy/current" />
    <property name="java.class.version" value="52.0" />
    <property name="user.country" value="US" />
    <property name="ant.file.JavaCS" value="/Users/agustinl/LearnLabs/cs-wikipedia-philosophy-lab-codeU/javacs-lab05/build.xml" />
    <property name="env.GRADLE_HOME" value="/Users/agustinl/.gvm/gradle/current" />
    <property name="java.home" value="/Library/Java/JavaVirtualMachines/jdk1.8.0_25.jdk/Contents/Home/jre" />
    <property name="java.vm.info" value="mixed mode" />
    <property name="env.JBAKE_HOME" value="/Users/agustinl/.gvm/jbake/current" />
    <property name="env.LOGNAME" value="agustinl" />
    <property name="ant.file" value="/Users/agustinl/LearnLabs/cs-wikipedia-philosophy-lab-codeU/javacs-lab05/build.xml" />
    <property name="os.version" value="10.11.4" />
    <property name="env.TERM_PROGRAM_VERSION" value="361.1" />
    <property name="path.separator" value=":" />
    <property name="env.GVM_VERSION" value="2.4.5" />
    <property name="env.VERTX_HOME" value="/Users/agustinl/.gvm/vertx/current" />
    <property name="java.vm.version" value="25.25-b02" />
    <property name="env.GVM_PLATFORM" value="Darwin" />
    <property name="env.GROOVYSERV_HOME" value="/Users/agustinl/.gvm/groovyserv/current" />
    <property name="ant.library.dir" value="/usr/local/Cellar/ant/1.9.6/libexec/lib" />
    <property name="junit.output.dir" value="junit" />
    <property name="env.IRBRC" value="/Users/agustinl/.rvm/rubies/ruby-2.3.0/.irbrc" />
    <property name="env.JAVA_HOME" value="/Library/Java/JavaVirtualMachines/jdk1.8.0_25.jdk/Contents/Home" />
    <property name="env.TERM" value="xterm-256color" />
    <property name="java.awt.printerjob" value="sun.lwawt.macosx.CPrinterJob" />
    <property name="sun.io.unicode.encoding" value="UnicodeBig" />
    <property name="awt.toolkit" value="sun.lwawt.macosx.LWCToolkit" />
    <property name="env.GLIDE_HOME" value="/Users/agustinl/.gvm/glide/current" />
    <property name="socksNonProxyHosts" value="local|*.local|169.254/16|*.169.254/16" />
    <property name="ftp.nonProxyHosts" value="local|*.local|169.254/16|*.169.254/16" />
    <property name="env.GEM_PATH" value="/Users/agustinl/.rvm/gems/ruby-2.3.0:/Users/agustinl/.rvm/gems/ruby-2.3.0@global" />
    <property name="target" value="1.7" />
    <property name="user.home" value="/Users/agustinl" />
    <property name="env.CLASSPATH" value=".:/Users/agustinl/Documents/Fall2015-CS1332/Homework1/junit-4.12.jar:/Users/agustinl/Documents/Fall2015-CS1332/Homework1/hamcrest-core-1.3.jar" />
    <property name="java.specification.vendor" value="Oracle Corporation" />
    <property name="env.TERM_PROGRAM" value="Apple_Terminal" />
    <property name="java.library.path" value="/Users/agustinl/Library/Java/Extensions:/Library/Java/Extensions:/Network/Library/Java/Extensions:/System/Library/Java/Extensions:/usr/lib/java:." />
    <property name="java.vendor.url" value="http://java.oracle.com/" />
    <property name="gopherProxySet" value="false" />
    <property name="java.vm.vendor" value="Oracle Corporation" />
    <property name="java.runtime.name" value="Java(TM) SE Runtime Environment" />
    <property name="ant.version" value="Apache Ant(TM) version 1.9.6 compiled on June 29 2015" />
    <property name="sun.java.command" value="org.apache.tools.ant.taskdefs.optional.junit.JUnitTestRunner com.flatironschool.javacs.WikiPhilosophyTest skipNonTests=false filtertrace=true haltOnError=false haltOnFailure=false formatter=org.apache.tools.ant.taskdefs.optional.junit.OutErrSummaryJUnitResultFormatter showoutput=false outputtoformatters=true logfailedtests=true threadid=0 logtestlistenerevents=false formatter=org.apache.tools.ant.taskdefs.optional.junit.XMLJUnitResultFormatter,/Users/agustinl/LearnLabs/cs-wikipedia-philosophy-lab-codeU/javacs-lab05/junit/TEST-com.flatironschool.javacs.WikiPhilosophyTest.xml formatter=org.apache.tools.ant.taskdefs.optional.junit.PlainJUnitResultFormatter crashfile=/Users/agustinl/LearnLabs/cs-wikipedia-philosophy-lab-codeU/javacs-lab05/junitvmwatcher621336497620164900.properties propsfile=/Users/agustinl/LearnLabs/cs-wikipedia-philosophy-lab-codeU/javacs-lab05/junit3088174927409291628.properties" />
    <property name="java.class.path" value="/Users/agustinl/LearnLabs/cs-wikipedia-philosophy-lab-codeU/javacs-lab05/bin:/Users/agustinl/LearnLabs/cs-wikipedia-philosophy-lab-codeU/javacs-lab05/lib/jsoup-1.8.3.jar:/Users/agustinl/LearnLabs/cs-wikipedia-philosophy-lab-codeU/javacs-lab05/lib/junit-4.12.jar:/Users/agustinl/LearnLabs/cs-wikipedia-philosophy-lab-codeU/javacs-lab05/lib/hamcrest-core-1.3.jar:/Users/agustinl/LearnLabs/cs-wikipedia-philosophy-lab-codeU/javacs-lab05:/Users/agustinl/Documents/Fall2015-CS1332/Homework1/junit-4.12.jar:/Users/agustinl/Documents/Fall2015-CS1332/Homework1/hamcrest-core-1.3.jar:/usr/local/Cellar/ant/1.9.6/libexec/lib/ant-launcher.jar:/usr/local/Cellar/ant/1.9.6/libexec/lib/ant.jar:/usr/local/Cellar/ant/1.9.6/libexec/lib/ant-junit.jar:/usr/local/Cellar/ant/1.9.6/libexec/lib/ant-junit4.jar" />
    <property name="env.GVM_INIT" value="true" />
    <property name="env.TERM_SESSION_ID" value="DDD9BBF2-E98F-48AC-B773-A95B1BE3C6F0" />
    <property name="ant.file.type.JavaCS" value="file" />
    <property name="java.vm.specification.name" value="Java Virtual Machine Specification" />
    <property name="env.GRIFFON_HOME" value="/Users/agustinl/.gvm/griffon/current" />
    <property name="ant.file.type" value="file" />
    <property name="java.vm.specification.version" value="1.8" />
    <property name="sun.cpu.endian" value="little" />
    <property name="sun.os.patch.level" value="unknown" />
    <property name="env.HOME" value="/Users/agustinl" />
    <property name="debuglevel" value="source,lines,vars" />
    <property name="java.io.tmpdir" value="/var/folders/k3/km_n74bn0013f2tqwwhgy8mr0000gn/T/" />
    <property name="java.vendor.url.bug" value="http://bugreport.sun.com/bugreport/" />
    <property name="env.SSH_AUTH_SOCK" value="/private/tmp/com.apple.launchd.Ec4LcJhSa5/Listeners" />
    <property name="java.awt.graphicsenv" value="sun.awt.CGraphicsEnvironment" />
    <property name="os.arch" value="x86_64" />
    <property name="env.LAZYBONES_HOME" value="/Users/agustinl/.gvm/lazybones/current" />
    <property name="env.GAIDEN_HOME" value="/Users/agustinl/.gvm/gaiden/current" />
    <property name="java.ext.dirs" value="/Users/agustinl/Library/Java/Extensions:/Library/Java/JavaVirtualMachines/jdk1.8.0_25.jdk/Contents/Home/jre/lib/ext:/Library/Java/Extensions:/Network/Library/Java/Extensions:/System/Library/Java/Extensions:/usr/lib/java" />
    <property name="user.dir" value="/Users/agustinl/LearnLabs/cs-wikipedia-philosophy-lab-codeU" />
    <property name="line.separator" value="&#xa;" />
    <property name="java.vm.name" value="Java HotSpot(TM) 64-Bit Server VM" />
    <property name="basedir" value="/Users/agustinl/LearnLabs/cs-wikipedia-philosophy-lab-codeU/javacs-lab05" />
    <property name="ant.java.version" value="1.8" />
    <property name="ant.core.lib" value="/usr/local/Cellar/ant/1.9.6/libexec/lib/ant.jar" />
    <property name="source" value="1.7" />
    <property name="file.encoding" value="UTF-8" />
    <property name="env.GRAILS_HOME" value="/Users/agustinl/.gvm/grails/current" />
    <property name="env.GVM_BROADCAST_SERVICE" value="http://cast.gvm.io" />
    <property name="java.specification.version" value="1.8" />
    <property name="ant.project.invoked-targets" value="test" />
  </properties>
  <testcase classname="com.flatironschool.javacs.WikiPhilosophyTest" name="testMain" time="15.659" />
  <system-out><![CDATA[https://en.wikipedia.org/wiki/Java_(programming_language)
https://en.wikipedia.org/wiki/Programming_language
https://en.wikipedia.org/wiki/Formal_language
https://en.wikipedia.org/wiki/Mathematics
https://en.wikipedia.org/wiki/Ancient_Greek
https://en.wikipedia.org/wiki/Greek_language
https://en.wikipedia.org/wiki/Modern_Greek
https://en.wikipedia.org/wiki/Colloquialism
https://en.wikipedia.org/wiki/Word
https://en.wikipedia.org/wiki/Linguistics
https://en.wikipedia.org/wiki/Science
https://en.wikipedia.org/wiki/Knowledge
https://en.wikipedia.org/wiki/Awareness
https://en.wikipedia.org/wiki/Conscious
https://en.wikipedia.org/wiki/Quality_(philosophy)
https://en.wikipedia.org/wiki/Philosophy
https://en.wikipedia.org/wiki/Greek_language
]]></system-out>
  <system-err><![CDATA[]]></system-err>
</testsuite>
